2014-07-10 17:10:45  INFO: Starting server...
2014-07-10 17:10:45  INFO: Operating System name: Linux version: 3.8.0-31-generic architecture: amd64
2014-07-10 17:10:45  INFO: Java Runtime name: Java HotSpot(TM) 64-Bit Server VM vendor: Oracle Corporation version: 24.51-b03
2014-07-10 17:10:45  INFO: Memory Limit heap: 1774mb non-heap: 130mb
2014-07-10 17:21:58  INFO: Starting server...
2014-07-10 17:21:58  INFO: Operating System name: Linux version: 3.8.0-31-generic architecture: amd64
2014-07-10 17:21:58  INFO: Java Runtime name: Java HotSpot(TM) 64-Bit Server VM vendor: Oracle Corporation version: 24.51-b03
2014-07-10 17:21:58  INFO: Memory Limit heap: 1774mb non-heap: 130mb
2014-07-10 17:22:35  INFO: Starting server...
2014-07-10 17:22:35  INFO: Operating System name: Linux version: 3.8.0-31-generic architecture: amd64
2014-07-10 17:22:35  INFO: Java Runtime name: Java HotSpot(TM) 64-Bit Server VM vendor: Oracle Corporation version: 24.51-b03
2014-07-10 17:22:35  INFO: Memory Limit heap: 1774mb non-heap: 130mb
2014-07-10 17:24:16 DEBUG: [5005 <- 192.168.1.34] - HEX: 24504749442c3335383234303035373231383936382a30300d0a
2014-07-10 17:24:24  WARN: Could not create connection to database server. Attempted reconnect 3 times. Giving up. - com.mysql.jdbc.exceptions.jdbc4.MySQLNonTransientConnectionException (NativeConstructorAccessorImpl.java:-2)
2014-07-10 17:24:24  WARN: Unknown device - 358240057218968 
2014-07-10 17:24:26 DEBUG: [5005 <- 192.168.1.34] - HEX: 24504749442c3335383234303035373231383936382a30300d0a
2014-07-10 17:24:32  WARN: Could not create connection to database server. Attempted reconnect 3 times. Giving up. - com.mysql.jdbc.exceptions.jdbc4.MySQLNonTransientConnectionException (NativeConstructorAccessorImpl.java:-2)
2014-07-10 17:24:32  WARN: Could not create connection to database server. Attempted reconnect 3 times. Giving up. - com.mysql.jdbc.exceptions.jdbc4.MySQLNonTransientConnectionException (NativeConstructorAccessorImpl.java:-2)
2014-07-10 17:24:32  INFO: Closing connection by exception
2014-07-10 17:24:32  INFO: Closing connection by disconnect
2014-07-10 17:24:33 DEBUG: [5005 <- 192.168.1.34] - HEX: 24504749442c3335383234303035373231383936382a30300d0a
2014-07-10 17:24:40  WARN: Could not create connection to database server. Attempted reconnect 3 times. Giving up. - com.mysql.jdbc.exceptions.jdbc4.MySQLNonTransientConnectionException (NativeConstructorAccessorImpl.java:-2)
2014-07-10 17:24:40  WARN: Unknown device - 358240057218968 
2014-07-10 17:24:44 DEBUG: [5005 <- 192.168.1.34] - HEX: 24504749442c3335383234303035373231383936382a30300d0a
2014-07-10 17:24:48  WARN: Could not create connection to database server. Attempted reconnect 3 times. Giving up. - com.mysql.jdbc.exceptions.jdbc4.MySQLNonTransientConnectionException (NativeConstructorAccessorImpl.java:-2)
2014-07-10 17:24:48  WARN: Unknown device - 358240057218968 
2014-07-10 17:24:56  WARN: Could not create connection to database server. Attempted reconnect 3 times. Giving up. - com.mysql.jdbc.exceptions.jdbc4.MySQLNonTransientConnectionException (NativeConstructorAccessorImpl.java:-2)
2014-07-10 17:24:56  WARN: Unknown device - 358240057218968 
2014-07-10 17:25:04  WARN: Could not create connection to database server. Attempted reconnect 3 times. Giving up. - com.mysql.jdbc.exceptions.jdbc4.MySQLNonTransientConnectionException (NativeConstructorAccessorImpl.java:-2)
2014-07-10 17:25:04  WARN: Could not create connection to database server. Attempted reconnect 3 times. Giving up. - com.mysql.jdbc.exceptions.jdbc4.MySQLNonTransientConnectionException (NativeConstructorAccessorImpl.java:-2)
2014-07-10 17:25:04  INFO: Closing connection by exception
2014-07-10 17:25:04  INFO: Closing connection by disconnect
2014-07-10 17:25:12  WARN: Could not create connection to database server. Attempted reconnect 3 times. Giving up. - com.mysql.jdbc.exceptions.jdbc4.MySQLNonTransientConnectionException (NativeConstructorAccessorImpl.java:-2)
2014-07-10 17:25:12  WARN: Could not create connection to database server. Attempted reconnect 3 times. Giving up. - com.mysql.jdbc.exceptions.jdbc4.MySQLNonTransientConnectionException (NativeConstructorAccessorImpl.java:-2)
2014-07-10 17:25:12  INFO: Closing connection by exception
2014-07-10 17:25:12  INFO: Closing connection by disconnect
2014-07-10 17:25:21  WARN: Could not create connection to database server. Attempted reconnect 3 times. Giving up. - com.mysql.jdbc.exceptions.jdbc4.MySQLNonTransientConnectionException (NativeConstructorAccessorImpl.java:-2)
2014-07-10 17:25:21  WARN: Could not create connection to database server. Attempted reconnect 3 times. Giving up. - com.mysql.jdbc.exceptions.jdbc4.MySQLNonTransientConnectionException (NativeConstructorAccessorImpl.java:-2)
2014-07-10 17:25:21  INFO: Closing connection by exception
2014-07-10 17:25:21  INFO: Closing connection by disconnect
2014-07-10 17:25:58 DEBUG: [5005 <- 192.168.1.36] - HEX: 24504749442c3130302a30370d0a
2014-07-10 17:26:06  WARN: Could not create connection to database server. Attempted reconnect 3 times. Giving up. - com.mysql.jdbc.exceptions.jdbc4.MySQLNonTransientConnectionException (null:-1)
2014-07-10 17:26:06  WARN: Unknown device - 100 
2014-07-10 17:26:11 DEBUG: [5005 <- 192.168.1.34] - HEX: 24504749442c3335383234303035373231383936382a30300d0a
2014-07-10 17:26:14  WARN: Could not create connection to database server. Attempted reconnect 3 times. Giving up. - com.mysql.jdbc.exceptions.jdbc4.MySQLNonTransientConnectionException (null:-1)
2014-07-10 17:26:14  WARN: Could not create connection to database server. Attempted reconnect 3 times. Giving up. - com.mysql.jdbc.exceptions.jdbc4.MySQLNonTransientConnectionException (null:-1)
2014-07-10 17:26:14  INFO: Closing connection by exception
2014-07-10 17:26:14  INFO: Closing connection by disconnect
2014-07-10 17:26:22  WARN: Could not create connection to database server. Attempted reconnect 3 times. Giving up. - com.mysql.jdbc.exceptions.jdbc4.MySQLNonTransientConnectionException (null:-1)
2014-07-10 17:26:22  WARN: Unknown device - 358240057218968 
2014-07-10 17:26:30  WARN: Could not create connection to database server. Attempted reconnect 3 times. Giving up. - com.mysql.jdbc.exceptions.jdbc4.MySQLNonTransientConnectionException (null:-1)
2014-07-10 17:26:30  WARN: Could not create connection to database server. Attempted reconnect 3 times. Giving up. - com.mysql.jdbc.exceptions.jdbc4.MySQLNonTransientConnectionException (null:-1)
2014-07-10 17:26:30  INFO: Closing connection by exception
2014-07-10 17:26:30  INFO: Closing connection by disconnect
2014-07-10 17:26:35 DEBUG: [5005 <- 192.168.1.36] - HEX: 24504749442c3130302a30370d0a
2014-07-10 17:26:43  WARN: Could not create connection to database server. Attempted reconnect 3 times. Giving up. - com.mysql.jdbc.exceptions.jdbc4.MySQLNonTransientConnectionException (null:-1)
2014-07-10 17:26:43  WARN: Unknown device - 100 
2014-07-10 17:26:55  INFO: Starting server...
2014-07-10 17:26:55  INFO: Operating System name: Linux version: 3.8.0-31-generic architecture: amd64
2014-07-10 17:26:55  INFO: Java Runtime name: Java HotSpot(TM) 64-Bit Server VM vendor: Oracle Corporation version: 24.51-b03
2014-07-10 17:26:55  INFO: Memory Limit heap: 1774mb non-heap: 130mb
2014-07-10 17:29:15  INFO: Starting server...
2014-07-10 17:29:15  INFO: Operating System name: Linux version: 3.8.0-31-generic architecture: amd64
2014-07-10 17:29:15  INFO: Java Runtime name: Java HotSpot(TM) 64-Bit Server VM vendor: Oracle Corporation version: 24.51-b03
2014-07-10 17:29:15  INFO: Memory Limit heap: 1774mb non-heap: 130mb
2014-07-10 17:31:29 DEBUG: [5005 <- 192.168.1.34] - HEX: 24504749442c3335383234303035373231383936382a30300d0a
2014-07-10 17:31:37  WARN: Could not create connection to database server. Attempted reconnect 3 times. Giving up. - com.mysql.jdbc.exceptions.jdbc4.MySQLNonTransientConnectionException (NativeConstructorAccessorImpl.java:-2)
2014-07-10 17:31:37  WARN: Unknown device - 358240057218968 
2014-07-10 17:31:45  WARN: Could not create connection to database server. Attempted reconnect 3 times. Giving up. - com.mysql.jdbc.exceptions.jdbc4.MySQLNonTransientConnectionException (NativeConstructorAccessorImpl.java:-2)
2014-07-10 17:31:45  WARN: Could not create connection to database server. Attempted reconnect 3 times. Giving up. - com.mysql.jdbc.exceptions.jdbc4.MySQLNonTransientConnectionException (NativeConstructorAccessorImpl.java:-2)
2014-07-10 17:31:45  INFO: Closing connection by exception
2014-07-10 17:31:45  INFO: Closing connection by disconnect
2014-07-10 17:36:23 DEBUG: [5005 <- 192.168.1.34] - HEX: 24504749442c3335383234303035373231383936382a30300d0a
2014-07-10 17:36:31  WARN: Could not create connection to database server. Attempted reconnect 3 times. Giving up. - com.mysql.jdbc.exceptions.jdbc4.MySQLNonTransientConnectionException (NativeConstructorAccessorImpl.java:-2)
2014-07-10 17:36:31  WARN: Unknown device - 358240057218968 
2014-07-10 17:36:39  WARN: Could not create connection to database server. Attempted reconnect 3 times. Giving up. - com.mysql.jdbc.exceptions.jdbc4.MySQLNonTransientConnectionException (NativeConstructorAccessorImpl.java:-2)
2014-07-10 17:36:39  WARN: Could not create connection to database server. Attempted reconnect 3 times. Giving up. - com.mysql.jdbc.exceptions.jdbc4.MySQLNonTransientConnectionException (NativeConstructorAccessorImpl.java:-2)
2014-07-10 17:36:39  INFO: Closing connection by exception
2014-07-10 17:36:39  INFO: Closing connection by disconnect
2014-07-10 17:41:22 DEBUG: [5005 <- 192.168.1.34] - HEX: 24504749442c3335383234303035373231383936382a30300d0a
2014-07-10 17:41:30  WARN: Could not create connection to database server. Attempted reconnect 3 times. Giving up. - com.mysql.jdbc.exceptions.jdbc4.MySQLNonTransientConnectionException (NativeConstructorAccessorImpl.java:-2)
2014-07-10 17:41:30  WARN: Unknown device - 358240057218968 
2014-07-10 17:41:38  WARN: Could not create connection to database server. Attempted reconnect 3 times. Giving up. - com.mysql.jdbc.exceptions.jdbc4.MySQLNonTransientConnectionException (NativeConstructorAccessorImpl.java:-2)
2014-07-10 17:41:38  WARN: Could not create connection to database server. Attempted reconnect 3 times. Giving up. - com.mysql.jdbc.exceptions.jdbc4.MySQLNonTransientConnectionException (NativeConstructorAccessorImpl.java:-2)
2014-07-10 17:41:38  INFO: Closing connection by exception
2014-07-10 17:41:38  INFO: Closing connection by disconnect
2014-07-10 17:56:23 DEBUG: [5005 <- 192.168.1.34] - HEX: 24504749442c3335383234303035373231383936382a30300d0a
2014-07-10 17:56:31  WARN: Could not create connection to database server. Attempted reconnect 3 times. Giving up. - com.mysql.jdbc.exceptions.jdbc4.MySQLNonTransientConnectionException (NativeConstructorAccessorImpl.java:-2)
2014-07-10 17:56:31  WARN: Unknown device - 358240057218968 
2014-07-10 17:56:39  WARN: Could not create connection to database server. Attempted reconnect 3 times. Giving up. - com.mysql.jdbc.exceptions.jdbc4.MySQLNonTransientConnectionException (NativeConstructorAccessorImpl.java:-2)
2014-07-10 17:56:39  WARN: Could not create connection to database server. Attempted reconnect 3 times. Giving up. - com.mysql.jdbc.exceptions.jdbc4.MySQLNonTransientConnectionException (NativeConstructorAccessorImpl.java:-2)
2014-07-10 17:56:39  INFO: Closing connection by exception
2014-07-10 17:56:39  INFO: Closing connection by disconnect
2014-07-10 18:03:23 DEBUG: [5005 <- 192.168.1.34] - HEX: 24504749442c3335383234303035373231383936382a30300d0a
2014-07-10 18:03:31  WARN: Could not create connection to database server. Attempted reconnect 3 times. Giving up. - com.mysql.jdbc.exceptions.jdbc4.MySQLNonTransientConnectionException (null:-1)
2014-07-10 18:03:31  WARN: Unknown device - 358240057218968 
2014-07-10 18:03:39  WARN: Could not create connection to database server. Attempted reconnect 3 times. Giving up. - com.mysql.jdbc.exceptions.jdbc4.MySQLNonTransientConnectionException (null:-1)
2014-07-10 18:03:39  WARN: Could not create connection to database server. Attempted reconnect 3 times. Giving up. - com.mysql.jdbc.exceptions.jdbc4.MySQLNonTransientConnectionException (null:-1)
2014-07-10 18:03:39  INFO: Closing connection by exception
2014-07-10 18:03:39  INFO: Closing connection by disconnect
2014-07-10 18:05:23 DEBUG: [5005 <- 192.168.1.34] - HEX: 24504749442c3335383234303035373231383936382a30300d0a
2014-07-10 18:05:31  WARN: Could not create connection to database server. Attempted reconnect 3 times. Giving up. - com.mysql.jdbc.exceptions.jdbc4.MySQLNonTransientConnectionException (null:-1)
2014-07-10 18:05:31  WARN: Unknown device - 358240057218968 
2014-07-10 18:05:39  WARN: Could not create connection to database server. Attempted reconnect 3 times. Giving up. - com.mysql.jdbc.exceptions.jdbc4.MySQLNonTransientConnectionException (null:-1)
2014-07-10 18:05:39  WARN: Could not create connection to database server. Attempted reconnect 3 times. Giving up. - com.mysql.jdbc.exceptions.jdbc4.MySQLNonTransientConnectionException (null:-1)
2014-07-10 18:05:39  INFO: Closing connection by exception
2014-07-10 18:05:39  INFO: Closing connection by disconnect
2014-07-10 18:07:23 DEBUG: [5005 <- 192.168.1.34] - HEX: 24504749442c3335383234303035373231383936382a30300d0a
2014-07-10 18:07:31  WARN: Could not create connection to database server. Attempted reconnect 3 times. Giving up. - com.mysql.jdbc.exceptions.jdbc4.MySQLNonTransientConnectionException (null:-1)
2014-07-10 18:07:31  WARN: Unknown device - 358240057218968 
2014-07-10 18:07:39  WARN: Could not create connection to database server. Attempted reconnect 3 times. Giving up. - com.mysql.jdbc.exceptions.jdbc4.MySQLNonTransientConnectionException (null:-1)
2014-07-10 18:07:39  WARN: Could not create connection to database server. Attempted reconnect 3 times. Giving up. - com.mysql.jdbc.exceptions.jdbc4.MySQLNonTransientConnectionException (null:-1)
2014-07-10 18:07:39  INFO: Closing connection by exception
2014-07-10 18:07:39  INFO: Closing connection by disconnect
2014-07-10 18:10:23 DEBUG: [5005 <- 192.168.1.34] - HEX: 24504749442c3335383234303035373231383936382a30300d0a
2014-07-10 18:10:31  WARN: Could not create connection to database server. Attempted reconnect 3 times. Giving up. - com.mysql.jdbc.exceptions.jdbc4.MySQLNonTransientConnectionException (null:-1)
2014-07-10 18:10:31  WARN: Unknown device - 358240057218968 
2014-07-10 18:10:39  WARN: Could not create connection to database server. Attempted reconnect 3 times. Giving up. - com.mysql.jdbc.exceptions.jdbc4.MySQLNonTransientConnectionException (null:-1)
2014-07-10 18:10:39  WARN: Could not create connection to database server. Attempted reconnect 3 times. Giving up. - com.mysql.jdbc.exceptions.jdbc4.MySQLNonTransientConnectionException (null:-1)
2014-07-10 18:10:39  INFO: Closing connection by exception
2014-07-10 18:10:39  INFO: Closing connection by disconnect
2014-07-10 18:15:47 DEBUG: [5037 <- 127.0.0.1] - HEX: 30303063686f73743a76657273696f6e
